F                                                                        [100%]
=================================== FAILURES ===================================
_______________________________ test_jwt_refresh _______________________________

client = <httpx.AsyncClient object at 0x77375a70e710>

    @pytest.mark.anyio
    async def test_jwt_refresh(client: AsyncClient):
        """Refresh token should return new access + refresh pair, old refresh is invalidated."""
        # First, authenticate
        user_data = {"id": 555555555, "first_name": "RefreshTest"}
        init_data = _build_telegram_init_data(user_data)
    
>       resp1 = await client.post("/auth/telegram", json={"init_data": init_data})

tests/test_auth.py:193: 
_ _ _ _ _ _ _ _ _ _ _ _ _ _ _ _ _ _ _ _ _ _ _ _ _ _ _ _ _ _ _ _ _ _ _ _ _ _ _ _ 
/usr/local/lib/python3.11/site-packages/httpx/_client.py:1892: in post
    return await self.request(
/usr/local/lib/python3.11/site-packages/httpx/_client.py:1574: in request
    return await self.send(request, auth=auth, follow_redirects=follow_redirects)
/usr/local/lib/python3.11/site-packages/sentry_sdk/integrations/httpx.py:144: in send
    rv = await real_send(self, request, **kwargs)
/usr/local/lib/python3.11/site-packages/httpx/_client.py:1661: in send
    response = await self._send_handling_auth(
/usr/local/lib/python3.11/site-packages/httpx/_client.py:1689: in _send_handling_auth
    response = await self._send_handling_redirects(
/usr/local/lib/python3.11/site-packages/httpx/_client.py:1726: in _send_handling_redirects
    response = await self._send_single_request(request)
/usr/local/lib/python3.11/site-packages/httpx/_client.py:1763: in _send_single_request
    response = await transport.handle_async_request(request)
/usr/local/lib/python3.11/site-packages/httpx/_transports/asgi.py:164: in handle_async_request
    await self.app(scope, receive, send)
/usr/local/lib/python3.11/site-packages/fastapi/applications.py:1054: in __call__
    await super().__call__(scope, receive, send)
/usr/local/lib/python3.11/site-packages/sentry_sdk/integrations/starlette.py:374: in _sentry_patched_asgi_app
    return await middleware(scope, receive, send)
/usr/local/lib/python3.11/site-packages/sentry_sdk/integrations/asgi.py:152: in _run_asgi3
    return await self._run_app(scope, receive, send, asgi_version=3)
/usr/local/lib/python3.11/site-packages/sentry_sdk/integrations/asgi.py:246: in _run_app
    raise exc from None
/usr/local/lib/python3.11/site-packages/sentry_sdk/integrations/asgi.py:241: in _run_app
    return await self.app(
/usr/local/lib/python3.11/site-packages/starlette/applications.py:123: in __call__
    await self.middleware_stack(scope, receive, send)
/usr/local/lib/python3.11/site-packages/sentry_sdk/integrations/starlette.py:169: in _create_span_call
    return await old_call(app, scope, new_receive, new_send, **kwargs)
/usr/local/lib/python3.11/site-packages/starlette/middleware/errors.py:186: in __call__
    raise exc
/usr/local/lib/python3.11/site-packages/starlette/middleware/errors.py:164: in __call__
    await self.app(scope, receive, _send)
/usr/local/lib/python3.11/site-packages/sentry_sdk/integrations/starlette.py:169: in _create_span_call
    return await old_call(app, scope, new_receive, new_send, **kwargs)
/usr/local/lib/python3.11/site-packages/starlette/middleware/base.py:189: in __call__
    with collapse_excgroups():
/usr/local/lib/python3.11/contextlib.py:158: in __exit__
    self.gen.throw(typ, value, traceback)
/usr/local/lib/python3.11/site-packages/starlette/_utils.py:93: in collapse_excgroups
    raise exc
/usr/local/lib/python3.11/site-packages/starlette/middleware/base.py:191: in __call__
    response = await self.dispatch_func(request, call_next)
app/main.py:128: in request_logging_middleware
    response: Response = await call_next(request)
/usr/local/lib/python3.11/site-packages/starlette/middleware/base.py:165: in call_next
    raise app_exc
/usr/local/lib/python3.11/site-packages/starlette/middleware/base.py:151: in coro
    await self.app(scope, receive_or_disconnect, send_no_error)
/usr/local/lib/python3.11/site-packages/sentry_sdk/integrations/starlette.py:169: in _create_span_call
    return await old_call(app, scope, new_receive, new_send, **kwargs)
/usr/local/lib/python3.11/site-packages/prometheus_fastapi_instrumentator/middleware.py:174: in __call__
    raise exc
/usr/local/lib/python3.11/site-packages/prometheus_fastapi_instrumentator/middleware.py:172: in __call__
    await self.app(scope, receive, send_wrapper)
/usr/local/lib/python3.11/site-packages/sentry_sdk/integrations/starlette.py:169: in _create_span_call
    return await old_call(app, scope, new_receive, new_send, **kwargs)
/usr/local/lib/python3.11/site-packages/starlette/middleware/cors.py:85: in __call__
    await self.app(scope, receive, send)
/usr/local/lib/python3.11/site-packages/sentry_sdk/integrations/starlette.py:268: in _sentry_exceptionmiddleware_call
    await old_call(self, scope, receive, send)
/usr/local/lib/python3.11/site-packages/sentry_sdk/integrations/starlette.py:169: in _create_span_call
    return await old_call(app, scope, new_receive, new_send, **kwargs)
/usr/local/lib/python3.11/site-packages/starlette/middleware/exceptions.py:65: in __call__
    await wrap_app_handling_exceptions(self.app, conn)(scope, receive, send)
/usr/local/lib/python3.11/site-packages/starlette/_exception_handler.py:64: in wrapped_app
    raise exc
/usr/local/lib/python3.11/site-packages/starlette/_exception_handler.py:53: in wrapped_app
    await app(scope, receive, sender)
/usr/local/lib/python3.11/site-packages/starlette/routing.py:756: in __call__
    await self.middleware_stack(scope, receive, send)
/usr/local/lib/python3.11/site-packages/starlette/routing.py:776: in app
    await route.handle(scope, receive, send)
/usr/local/lib/python3.11/site-packages/starlette/routing.py:297: in handle
    await self.app(scope, receive, send)
/usr/local/lib/python3.11/site-packages/starlette/routing.py:77: in app
    await wrap_app_handling_exceptions(app, request)(scope, receive, send)
/usr/local/lib/python3.11/site-packages/starlette/_exception_handler.py:64: in wrapped_app
    raise exc
/usr/local/lib/python3.11/site-packages/starlette/_exception_handler.py:53: in wrapped_app
    await app(scope, receive, sender)
/usr/local/lib/python3.11/site-packages/starlette/routing.py:72: in app
    response = await func(request)
/usr/local/lib/python3.11/site-packages/sentry_sdk/integrations/fastapi.py:137: in _sentry_app
    return await old_app(*args, **kwargs)
/usr/local/lib/python3.11/site-packages/fastapi/routing.py:278: in app
    raw_response = await run_endpoint_function(
/usr/local/lib/python3.11/site-packages/fastapi/routing.py:191: in run_endpoint_function
    return await dependant.call(**values)
/usr/local/lib/python3.11/site-packages/slowapi/extension.py:734: in async_wrapper
    response = await func(*args, **kwargs)  # type: ignore
app/routers/auth.py:137: in auth_telegram
    user = await _get_or_create_user(db, telegram_id=telegram_id)
app/routers/auth.py:108: in _get_or_create_user
    await db.flush()
/usr/local/lib/python3.11/site-packages/sqlalchemy/ext/asyncio/session.py:800: in flush
    await greenlet_spawn(self.sync_session.flush, objects=objects)
/usr/local/lib/python3.11/site-packages/sqlalchemy/util/_concurrency_py3k.py:203: in greenlet_spawn
    result = context.switch(value)
/usr/local/lib/python3.11/site-packages/sqlalchemy/orm/session.py:4341: in flush
    self._flush(objects)
/usr/local/lib/python3.11/site-packages/sqlalchemy/orm/session.py:4476: in _flush
    with util.safe_reraise():
/usr/local/lib/python3.11/site-packages/sqlalchemy/util/langhelpers.py:146: in __exit__
    raise exc_value.with_traceback(exc_tb)
/usr/local/lib/python3.11/site-packages/sqlalchemy/orm/session.py:4437: in _flush
    flush_context.execute()
/usr/local/lib/python3.11/site-packages/sqlalchemy/orm/unitofwork.py:466: in execute
    rec.execute(self)
/usr/local/lib/python3.11/site-packages/sqlalchemy/orm/unitofwork.py:642: in execute
    util.preloaded.orm_persistence.save_obj(
/usr/local/lib/python3.11/site-packages/sqlalchemy/orm/persistence.py:93: in save_obj
    _emit_insert_statements(
/usr/local/lib/python3.11/site-packages/sqlalchemy/orm/persistence.py:1233: in _emit_insert_statements
    result = connection.execute(
/usr/local/lib/python3.11/site-packages/sqlalchemy/engine/base.py:1418: in execute
    return meth(
/usr/local/lib/python3.11/site-packages/sqlalchemy/sql/elements.py:515: in _execute_on_connection
    return connection._execute_clauseelement(
/usr/local/lib/python3.11/site-packages/sqlalchemy/engine/base.py:1640: in _execute_clauseelement
    ret = self._execute_context(
/usr/local/lib/python3.11/site-packages/sqlalchemy/engine/base.py:1846: in _execute_context
    return self._exec_single_context(
/usr/local/lib/python3.11/site-packages/sqlalchemy/engine/base.py:1986: in _exec_single_context
    self._handle_dbapi_exception(
/usr/local/lib/python3.11/site-packages/sqlalchemy/engine/base.py:2353: in _handle_dbapi_exception
    raise sqlalchemy_exception.with_traceback(exc_info[2]) from e
/usr/local/lib/python3.11/site-packages/sqlalchemy/engine/base.py:1967: in _exec_single_context
    self.dialect.do_execute(
/usr/local/lib/python3.11/site-packages/sqlalchemy/engine/default.py:924: in do_execute
    cursor.execute(statement, parameters)
/usr/local/lib/python3.11/site-packages/sqlalchemy/dialects/postgresql/asyncpg.py:572: in execute
    self._adapt_connection.await_(
/usr/local/lib/python3.11/site-packages/sqlalchemy/util/_concurrency_py3k.py:132: in await_only
    return current.parent.switch(awaitable)  # type: ignore[no-any-return,attr-defined] # noqa: E501
/usr/local/lib/python3.11/site-packages/sqlalchemy/util/_concurrency_py3k.py:196: in greenlet_spawn
    value = await result
/usr/local/lib/python3.11/site-packages/sqlalchemy/dialects/postgresql/asyncpg.py:550: in _prepare_and_execute
    self._handle_exception(error)
/usr/local/lib/python3.11/site-packages/sqlalchemy/dialects/postgresql/asyncpg.py:501: in _handle_exception
    self._adapt_connection._handle_exception(error)
_ _ _ _ _ _ _ _ _ _ _ _ _ _ _ _ _ _ _ _ _ _ _ _ _ _ _ _ _ _ _ _ _ _ _ _ _ _ _ _ 

self = <AdaptedConnection <asyncpg.connection.Connection object at 0x77375a33d990>>
error = DuplicatePreparedStatementError('prepared statement "__asyncpg_stmt_8__" already exists')

    def _handle_exception(self, error):
        if self._connection.is_closed():
            self._transaction = None
            self._started = False
    
        if not isinstance(error, AsyncAdapt_asyncpg_dbapi.Error):
            exception_mapping = self.dbapi._asyncpg_error_translate
    
            for super_ in type(error).__mro__:
                if super_ in exception_mapping:
                    translated_error = exception_mapping[super_](
                        "%s: %s" % (type(error), error)
                    )
                    translated_error.pgcode = translated_error.sqlstate = (
                        getattr(error, "sqlstate", None)
                    )
>                   raise translated_error from error
E                   sqlalchemy.exc.ProgrammingError: (sqlalchemy.dialects.postgresql.asyncpg.ProgrammingError) <class 'asyncpg.exceptions.DuplicatePreparedStatementError'>: prepared statement "__asyncpg_stmt_8__" already exists
E                   HINT:  
E                   NOTE: pgbouncer with pool_mode set to "transaction" or
E                   "statement" does not support prepared statements properly.
E                   You have two options:
E                   
E                   * if you are using pgbouncer for connection pooling to a
E                     single server, switch to the connection pool functionality
E                     provided by asyncpg, it is a much better option for this
E                     purpose;
E                   
E                   * if you have no option of avoiding the use of pgbouncer,
E                     then you can set statement_cache_size to 0 when creating
E                     the asyncpg connection object.
E                   
E                   [SQL: INSERT INTO users (id, telegram_id, max_id, phone_encrypted, phone_hash, last_active_at, is_active, is_premium, premium_until, deleted_at) VALUES ($1::UUID, $2::BIGINT, $3::BIGINT, $4::BYTEA, $5::VARCHAR, $6::TIMESTAMP WITH TIME ZONE, $7::BOOLEAN, $8::BOOLEAN, $9::TIMESTAMP WITH TIME ZONE, $10::TIMESTAMP WITH TIME ZONE) RETURNING users.created_at]
E                   [parameters: (UUID('5e5400d6-0b70-4759-a86f-88b7db369115'), 555555555, None, None, None, datetime.datetime(2026, 3, 15, 15, 18, 58, 24640, tzinfo=datetime.timezone.utc), True, False, None, None)]
E                   (Background on this error at: https://sqlalche.me/e/20/f405)

/usr/local/lib/python3.11/site-packages/sqlalchemy/dialects/postgresql/asyncpg.py:784: ProgrammingError
----------------------------- Captured stdout call -----------------------------
{"error": "(sqlalchemy.dialects.postgresql.asyncpg.ProgrammingError) <class 'asyncpg.exceptions.DuplicatePreparedStatementError'>: prepared statement \"__asyncpg_stmt_8__\" already exists\nHINT:  \nNOTE: pgbouncer with pool_mode set to \"transaction\" or\n\"statement\" does not support prepared statements properly.\nYou have two options:\n\n* if you are using pgbouncer for connection pooling to a\n  single server, switch to the connection pool functionality\n  provided by asyncpg, it is a much better option for this\n  purpose;\n\n* if you have no option of avoiding the use of pgbouncer,\n  then you can set statement_cache_size to 0 when creating\n  the asyncpg connection object.\n\n[SQL: INSERT INTO users (id, telegram_id, max_id, phone_encrypted, phone_hash, last_active_at, is_active, is_premium, premium_until, deleted_at) VALUES ($1::UUID, $2::BIGINT, $3::BIGINT, $4::BYTEA, $5::VARCHAR, $6::TIMESTAMP WITH TIME ZONE, $7::BOOLEAN, $8::BOOLEAN, $9::TIMESTAMP WITH TIME ZONE, $10::TIMESTAMP WITH TIME ZONE) RETURNING users.created_at]\n[parameters: (UUID('5e5400d6-0b70-4759-a86f-88b7db369115'), 555555555, None, None, None, datetime.datetime(2026, 3, 15, 15, 18, 58, 24640, tzinfo=datetime.timezone.utc), True, False, None, None)]\n(Background on this error at: https://sqlalche.me/e/20/f405)", "exc_info": true, "event": "unhandled_exception", "method": "POST", "path": "/auth/telegram", "client_ip": "127.0.0.1", "level": "error", "timestamp": "2026-03-15T15:18:58.035477Z"}
=========================== short test summary info ============================
FAILED tests/test_auth.py::test_jwt_refresh - sqlalchemy.exc.ProgrammingError...
1 failed, 5 deselected in 14.24s
